TN:
SF:controllers\TaskController.js
FN:3,Object.<anonymous>.exports.createTaskController
FN:11,Object.<anonymous>.exports.getTasksController
FN:19,Object.<anonymous>.exports.updateTaskController
FN:29,Object.<anonymous>.exports.deleteTaskController
FN:37,Object.<anonymous>.exports.createToken
FNF:5
FNH:4
FNDA:2,Object.<anonymous>.exports.createTaskController
FNDA:2,Object.<anonymous>.exports.getTasksController
FNDA:2,Object.<anonymous>.exports.updateTaskController
FNDA:2,Object.<anonymous>.exports.deleteTaskController
FNDA:0,Object.<anonymous>.exports.createToken
DA:1,1
DA:2,1
DA:3,1
DA:4,2
DA:5,1
DA:6,2
DA:7,1
DA:8,2
DA:9,2
DA:10,1
DA:11,1
DA:12,2
DA:13,1
DA:14,2
DA:15,1
DA:16,2
DA:17,2
DA:18,1
DA:19,1
DA:20,2
DA:21,2
DA:22,1
DA:23,2
DA:24,2
DA:25,1
DA:26,2
DA:27,2
DA:28,1
DA:29,1
DA:30,2
DA:31,1
DA:32,2
DA:33,1
DA:34,2
DA:35,2
DA:36,1
DA:37,1
DA:38,0
DA:39,0
DA:40,0
DA:41,0
DA:42,0
DA:43,0
DA:44,0
DA:45,0
LF:45
LH:37
BRDA:3,0,0,2
BRDA:4,1,0,1
BRDA:6,2,0,1
BRDA:11,3,0,2
BRDA:12,4,0,1
BRDA:14,5,0,1
BRDA:19,6,0,2
BRDA:21,7,0,1
BRDA:24,8,0,1
BRDA:29,9,0,2
BRDA:30,10,0,1
BRDA:32,11,0,1
BRF:12
BRH:12
end_of_record
TN:
SF:middleware\authMiddleware.js
FN:2,verifyToken
FNF:1
FNH:1
FNDA:4,verifyToken
DA:1,1
DA:2,4
DA:3,4
DA:4,4
DA:5,4
DA:6,4
DA:7,4
DA:8,4
DA:9,4
DA:10,4
DA:11,4
DA:12,4
DA:13,4
DA:14,4
DA:15,2
DA:16,2
DA:17,4
DA:18,4
DA:19,2
DA:20,2
DA:21,4
DA:22,1
DA:23,1
DA:24,4
DA:25,0
DA:26,0
DA:27,4
DA:28,1
DA:29,1
DA:30,1
DA:31,1
DA:32,1
LF:32
LH:30
BRDA:2,0,0,4
BRDA:14,1,0,3
BRDA:14,2,0,2
BRDA:18,3,0,2
BRDA:21,4,0,1
BRDA:24,5,0,0
BRDA:27,6,0,1
BRF:7
BRH:6
end_of_record
TN:
SF:models\task.js
FNF:0
FNH:0
DA:1,1
DA:2,1
DA:3,1
DA:4,1
DA:5,1
DA:6,1
DA:7,1
DA:8,1
DA:9,1
DA:10,1
DA:11,1
DA:12,1
DA:13,1
DA:14,1
DA:15,1
DA:16,1
DA:17,1
DA:18,1
DA:19,1
DA:20,1
DA:21,1
LF:21
LH:21
BRF:0
BRH:0
end_of_record
TN:
SF:routes\tasksRoute.js
FNF:0
FNH:0
DA:1,1
DA:2,1
DA:3,1
DA:4,1
DA:5,1
DA:6,1
DA:7,1
DA:8,1
DA:9,1
DA:10,1
DA:11,1
DA:12,1
DA:13,1
DA:14,1
DA:15,1
DA:16,1
DA:17,1
DA:18,1
DA:19,1
DA:20,1
DA:21,1
DA:22,1
DA:23,1
DA:24,1
DA:25,1
DA:26,1
DA:27,1
DA:28,1
DA:29,1
DA:30,1
DA:31,1
DA:32,1
DA:33,1
DA:34,1
DA:35,1
DA:36,1
DA:37,1
DA:38,1
DA:39,1
DA:40,1
DA:41,1
DA:42,1
DA:43,1
DA:44,1
DA:45,1
DA:46,1
DA:47,1
DA:48,1
DA:49,1
DA:50,1
DA:51,1
DA:52,1
DA:53,1
DA:54,1
DA:55,1
DA:56,1
DA:57,1
DA:58,1
DA:59,1
DA:60,1
DA:61,1
DA:62,1
DA:63,1
DA:64,1
DA:65,1
DA:66,1
DA:67,1
DA:68,1
DA:69,1
DA:70,1
DA:71,1
DA:72,1
DA:73,1
DA:74,1
DA:75,1
DA:76,1
DA:77,1
DA:78,1
DA:79,1
DA:80,1
DA:81,1
DA:82,1
DA:83,1
DA:84,1
DA:85,1
DA:86,1
DA:87,1
DA:88,1
DA:89,1
DA:90,1
DA:91,1
DA:92,1
DA:93,1
DA:94,1
DA:95,1
DA:96,1
DA:97,1
DA:98,1
DA:99,1
DA:100,1
DA:101,1
DA:102,1
DA:103,1
DA:104,1
DA:105,1
DA:106,1
DA:107,1
DA:108,1
DA:109,1
DA:110,1
DA:111,1
DA:112,1
DA:113,1
DA:114,1
DA:115,1
DA:116,1
DA:117,1
DA:118,1
DA:119,1
DA:120,1
DA:121,1
DA:122,1
DA:123,1
DA:124,1
DA:125,1
DA:126,1
DA:127,1
DA:128,1
DA:129,1
DA:130,1
DA:131,1
DA:132,1
DA:133,1
DA:134,1
DA:135,1
DA:136,1
DA:137,1
DA:138,1
DA:139,1
DA:140,1
DA:141,1
DA:142,1
DA:143,1
DA:144,1
DA:145,1
DA:146,1
DA:147,1
DA:148,1
DA:149,1
DA:150,1
DA:151,1
DA:152,1
DA:153,1
DA:154,1
DA:155,1
DA:156,1
DA:157,1
DA:158,1
DA:159,1
DA:160,1
DA:161,1
DA:162,1
DA:163,1
DA:164,1
DA:165,1
DA:166,1
DA:167,1
DA:168,1
DA:169,1
DA:170,1
DA:171,1
DA:172,1
DA:173,1
DA:174,1
LF:174
LH:174
BRF:0
BRH:0
end_of_record
TN:
SF:services\TaskService.js
FN:4,Object.<anonymous>.exports.createTaskService
FN:17,Object.<anonymous>.exports.getTasksService
FN:29,Object.<anonymous>.exports.updateTaskService
FN:44,Object.<anonymous>.exports.deleteTaskService
FN:56,Object.<anonymous>.exports.createTokenSevice
FNF:5
FNH:4
FNDA:2,Object.<anonymous>.exports.createTaskService
FNDA:2,Object.<anonymous>.exports.getTasksService
FNDA:2,Object.<anonymous>.exports.updateTaskService
FNDA:2,Object.<anonymous>.exports.deleteTaskService
FNDA:0,Object.<anonymous>.exports.createTokenSevice
DA:1,1
DA:2,1
DA:3,1
DA:4,1
DA:5,2
DA:6,2
DA:7,2
DA:8,2
DA:9,1
DA:10,2
DA:11,2
DA:12,1
DA:13,2
DA:14,2
DA:15,2
DA:16,1
DA:17,1
DA:18,2
DA:19,2
DA:20,2
DA:21,1
DA:22,2
DA:23,2
DA:24,1
DA:25,2
DA:26,2
DA:27,2
DA:28,1
DA:29,1
DA:30,2
DA:31,2
DA:32,2
DA:33,2
DA:34,2
DA:35,2
DA:36,1
DA:37,2
DA:38,2
DA:39,1
DA:40,2
DA:41,2
DA:42,2
DA:43,1
DA:44,1
DA:45,2
DA:46,2
DA:47,2
DA:48,1
DA:49,2
DA:50,2
DA:51,1
DA:52,2
DA:53,2
DA:54,2
DA:55,1
DA:56,1
DA:57,0
DA:58,0
DA:59,0
DA:60,0
DA:61,0
DA:62,0
DA:63,0
DA:64,0
DA:65,0
DA:66,0
LF:66
LH:56
BRDA:4,0,0,2
BRDA:5,1,0,2
BRDA:8,2,0,1
BRDA:11,3,0,1
BRDA:17,4,0,2
BRDA:18,5,0,2
BRDA:20,6,0,1
BRDA:23,7,0,1
BRDA:29,8,0,2
BRDA:30,9,0,2
BRDA:35,10,0,1
BRDA:38,11,0,1
BRDA:44,12,0,2
BRDA:45,13,0,2
BRDA:47,14,0,1
BRDA:50,15,0,1
BRF:16
BRH:16
end_of_record
